Removed Pin From Net: NetName=3.3V Pin=J1-1
Removed Pin From Net: NetName=3.3V Pin=J2-1
Removed Pin From Net: NetName=3.3V Pin=J3-1
Removed Pin From Net: NetName=3.3V Pin=J4-1
Removed Pin From Net: NetName=NetJ1_2 Pin=Q1-1
Removed Pin From Net: NetName=GPIO_in1 Pin=Q1-2
Removed Pin From Net: NetName=3.3V Pin=Q1-3
Removed Pin From Net: NetName=GPIO_in2 Pin=Q2-2
Removed Pin From Net: NetName=3.3V Pin=Q2-3
Removed Pin From Net: NetName=NetJ3_2 Pin=Q3-1
Removed Pin From Net: NetName=GPIO_in3 Pin=Q3-2
Removed Pin From Net: NetName=3.3V Pin=Q3-3
Removed Pin From Net: NetName=NetJ4_2 Pin=Q4-1
Removed Pin From Net: NetName=GPIO_in4 Pin=Q4-2
Removed Pin From Net: NetName=3.3V Pin=Q4-3
Change Component Footprint: Designator=Q1 Old Footprint=SOT23-3M New Footprint=TO92A
Change Component Footprint: Designator=Q2 Old Footprint=SOT23-3M New Footprint=TO92A
Change Component Footprint: Designator=Q3 Old Footprint=SOT23-3M New Footprint=TO92A
Change Component Footprint: Designator=Q4 Old Footprint=SOT23-3M New Footprint=TO92A
Change Component Comment : Designator=Q1 Old Comment=SI2304 New Comment=SS8050
Change Component Comment : Designator=Q2 Old Comment=SI2304 New Comment=SS8050
Change Component Comment : Designator=Q3 Old Comment=SI2304 New Comment=SS8050
Change Component Comment : Designator=Q4 Old Comment=SI2304 New Comment=SS8050
Change component parameters: Designator = "Q1" ("Q1"); Footprint = "SOT23-3M"; UniqueID = "\HJSSGBKX" ("\HJSSGBKX")
Change component parameters (AddParameter): Name = "BOM名称"; Value = "高频放大-NPN型"; VariantName = "[No Variations]"
Change component parameters (AddParameter): Name = "学习资源"; Value = "www.ooocke.com"; VariantName = "[No Variations]"
Change component parameters (AddParameter): Name = "属性"; Value = "40V 1.5A 1W 100MHZ"; VariantName = "[No Variations]"
Change component parameters (AddParameter): Name = "版权归属"; Value = "源创客"; VariantName = "[No Variations]"
Change component parameters: Designator = "Q2" ("Q2"); Footprint = "SOT23-3M"; UniqueID = "\AIBJUMWX" ("\AIBJUMWX")
Change component parameters (AddParameter): Name = "BOM名称"; Value = "高频放大-NPN型"; VariantName = "[No Variations]"
Change component parameters (AddParameter): Name = "学习资源"; Value = "www.ooocke.com"; VariantName = "[No Variations]"
Change component parameters (AddParameter): Name = "属性"; Value = "40V 1.5A 1W 100MHZ"; VariantName = "[No Variations]"
Change component parameters (AddParameter): Name = "版权归属"; Value = "源创客"; VariantName = "[No Variations]"
Change component parameters: Designator = "Q3" ("Q3"); Footprint = "SOT23-3M"; UniqueID = "\WHYEUFMX" ("\WHYEUFMX")
Change component parameters (AddParameter): Name = "BOM名称"; Value = "高频放大-NPN型"; VariantName = "[No Variations]"
Change component parameters (AddParameter): Name = "学习资源"; Value = "www.ooocke.com"; VariantName = "[No Variations]"
Change component parameters (AddParameter): Name = "属性"; Value = "40V 1.5A 1W 100MHZ"; VariantName = "[No Variations]"
Change component parameters (AddParameter): Name = "版权归属"; Value = "源创客"; VariantName = "[No Variations]"
Change component parameters: Designator = "Q4" ("Q4"); Footprint = "SOT23-3M"; UniqueID = "\YEPKWXKJ" ("\YEPKWXKJ")
Change component parameters (AddParameter): Name = "BOM名称"; Value = "高频放大-NPN型"; VariantName = "[No Variations]"
Change component parameters (AddParameter): Name = "学习资源"; Value = "www.ooocke.com"; VariantName = "[No Variations]"
Change component parameters (AddParameter): Name = "属性"; Value = "40V 1.5A 1W 100MHZ"; VariantName = "[No Variations]"
Change component parameters (AddParameter): Name = "版权归属"; Value = "源创客"; VariantName = "[No Variations]"
Added Component: Designator=R11(R 0805_M)
Add component (AddParameter): Name = "LatestRevisionDate"; Value = "17-Jul-2002"; VariantName = "[No Variations]"
Add component (AddParameter): Name = "LatestRevisionNote"; Value = "Re-released for DXP Platform."; VariantName = "[No Variations]"
Add component (AddParameter): Name = "PackageDescription"; Value = "Axial Device, Thru-Hole; 2 Leads; 0.3 in Pin Spacing"; VariantName = "[No Variations]"
Add component (AddParameter): Name = "PackageReference"; Value = "AXIAL-0.3"; VariantName = "[No Variations]"
Add component (AddParameter): Name = "Published"; Value = "8-Jun-2000"; VariantName = "[No Variations]"
Add component (AddParameter): Name = "Publisher"; Value = "Altium Limited"; VariantName = "[No Variations]"
Added Component: Designator=R12(R 0805_M)
Add component (AddParameter): Name = "LatestRevisionDate"; Value = "17-Jul-2002"; VariantName = "[No Variations]"
Add component (AddParameter): Name = "LatestRevisionNote"; Value = "Re-released for DXP Platform."; VariantName = "[No Variations]"
Add component (AddParameter): Name = "PackageDescription"; Value = "Axial Device, Thru-Hole; 2 Leads; 0.3 in Pin Spacing"; VariantName = "[No Variations]"
Add component (AddParameter): Name = "PackageReference"; Value = "AXIAL-0.3"; VariantName = "[No Variations]"
Add component (AddParameter): Name = "Published"; Value = "8-Jun-2000"; VariantName = "[No Variations]"
Add component (AddParameter): Name = "Publisher"; Value = "Altium Limited"; VariantName = "[No Variations]"
Added Component: Designator=R13(R 0805_M)
Add component (AddParameter): Name = "LatestRevisionDate"; Value = "17-Jul-2002"; VariantName = "[No Variations]"
Add component (AddParameter): Name = "LatestRevisionNote"; Value = "Re-released for DXP Platform."; VariantName = "[No Variations]"
Add component (AddParameter): Name = "PackageDescription"; Value = "Axial Device, Thru-Hole; 2 Leads; 0.3 in Pin Spacing"; VariantName = "[No Variations]"
Add component (AddParameter): Name = "PackageReference"; Value = "AXIAL-0.3"; VariantName = "[No Variations]"
Add component (AddParameter): Name = "Published"; Value = "8-Jun-2000"; VariantName = "[No Variations]"
Add component (AddParameter): Name = "Publisher"; Value = "Altium Limited"; VariantName = "[No Variations]"
Added Component: Designator=R14(R 0805_M)
Add component (AddParameter): Name = "LatestRevisionDate"; Value = "17-Jul-2002"; VariantName = "[No Variations]"
Add component (AddParameter): Name = "LatestRevisionNote"; Value = "Re-released for DXP Platform."; VariantName = "[No Variations]"
Add component (AddParameter): Name = "PackageDescription"; Value = "Axial Device, Thru-Hole; 2 Leads; 0.3 in Pin Spacing"; VariantName = "[No Variations]"
Add component (AddParameter): Name = "PackageReference"; Value = "AXIAL-0.3"; VariantName = "[No Variations]"
Add component (AddParameter): Name = "Published"; Value = "8-Jun-2000"; VariantName = "[No Variations]"
Add component (AddParameter): Name = "Publisher"; Value = "Altium Limited"; VariantName = "[No Variations]"
Added Pin To Net: NetName=GPIO_in1 Pin=Q1-1
Added Pin To Net: NetName=NetJ1_2 Pin=Q1-2
Added Pin To Net: NetName=GPIO_in2 Pin=Q2-1
Added Pin To Net: NetName=GPIO_in3 Pin=Q3-1
Added Pin To Net: NetName=NetJ3_2 Pin=Q3-2
Added Pin To Net: NetName=GPIO_in4 Pin=Q4-1
Added Pin To Net: NetName=NetJ4_2 Pin=Q4-2
Added Pin To Net: NetName=3.3V Pin=R11-1
Added Pin To Net: NetName=3.3V Pin=R12-1
Added Pin To Net: NetName=3.3V Pin=R13-1
Added Pin To Net: NetName=3.3V Pin=R14-1
Added Pin To Net: NetName=NetJ1_1 Pin=J1-1
Added Pin To Net: NetName=NetJ1_1 Pin=Q1-3
Added Pin To Net: NetName=NetJ1_1 Pin=R11-2
Added Net: Name=NetJ1_1
Added Pin To Net: NetName=NetJ2_1 Pin=J2-1
Added Pin To Net: NetName=NetJ2_1 Pin=J2-2
Added Pin To Net: NetName=NetJ2_1 Pin=Q2-2
Added Pin To Net: NetName=NetJ2_1 Pin=Q2-3
Added Pin To Net: NetName=NetJ2_1 Pin=R12-2
Added Net: Name=NetJ2_1
Added Pin To Net: NetName=NetJ3_1 Pin=J3-1
Added Pin To Net: NetName=NetJ3_1 Pin=Q3-3
Added Pin To Net: NetName=NetJ3_1 Pin=R13-2
Added Net: Name=NetJ3_1
Added Pin To Net: NetName=NetJ4_1 Pin=J4-1
Added Pin To Net: NetName=NetJ4_1 Pin=Q4-3
Added Pin To Net: NetName=NetJ4_1 Pin=R14-2
Added Net: Name=NetJ4_1
Added Member To Class: ClassName=Sheet1asc2 Member=Component R11 10K
Added Member To Class: ClassName=Sheet1asc2 Member=Component R12 10K
Added Member To Class: ClassName=Sheet1asc2 Member=Component R13 10K
Added Member To Class: ClassName=Sheet1asc2 Member=Component R14 10K
Added Room: Name=Sheet1asc2
