Removed Pin From Net: NetName=5V Pin=C8-2
Removed Pin From Net: NetName=5V Pin=IC1-8
Removed Pin From Net: NetName=24V Pin=J5-3
Removed Pin From Net: NetName=24V Pin=J6-3
Removed Pin From Net: NetName=24V Pin=J7-3
Removed Pin From Net: NetName=24V Pin=J8-3
Removed Pin From Net: NetName=5V Pin=JP3_PWR-10
Removed Pin From Net: NetName=24V Pin=JP3_PWR-12
Removed Pin From Net: NetName=24V Pin=JP4-9
Removed Pin From Net: NetName=5V Pin=R2-2
Removed Member From Class: ClassName=Sheet1asc2 Member=DR3
Removed Member From Class: ClassName=Sheet1asc2 Member=DR4
Change Component Footprint: Designator=JP4 Old Footprint=KF128-3.81-12P New Footprint=KF128-3.81-10P
Change Footprint: Footprint Not Found 24V_Big_Relay
Change Footprint: Footprint Not Found 24V_Big_Relay
Change Component Comment : Designator=JP4 Old Comment=HDR-1X12 New Comment=HDR-1X10
Change Component Comment : Designator=J7 Old Comment=ssr_dcac New Comment=银触点JQX-60F60A大功率继电器大电流12V220V24V稳压器58F-40F63F
Change Component Comment : Designator=J8 Old Comment=ssr_dcac New Comment=银触点JQX-60F60A大功率继电器大电流12V220V24V稳压器58F-40F63F
Change component parameters: Designator = "J7" ("J7"); Footprint = "SSR_DCAC"; UniqueID = "\LNWNIGMI" ("\LNWNIGMI")
Change component parameters (AddParameter): Name = "BOM_Manufacturer"; Value = ""; VariantName = "[No Variations]"
Change component parameters (AddParameter): Name = "BOM_Manufacturer Part"; Value = ""; VariantName = "[No Variations]"
Change component parameters (AddParameter): Name = "BOM_Supplier"; Value = ""; VariantName = "[No Variations]"
Change component parameters (AddParameter): Name = "BOM_Supplier Part"; Value = ""; VariantName = "[No Variations]"
Change component parameters (AddParameter): Name = "Contributor"; Value = "locolyl"; VariantName = "[No Variations]"
Change component parameters (AddParameter): Name = "link"; Value = ""; VariantName = "[No Variations]"
Change component parameters (AddParameter): Name = "spicePre"; Value = "U"; VariantName = "[No Variations]"
Change component parameters (AddParameter): Name = "spiceSymbolName"; Value = "银触点JQX-60F60A大功率继电器大电流12V220V24V稳压器58F-40F63F"; VariantName = "[No Variations]"
Change component parameters: Designator = "J8" ("J8"); Footprint = "SSR_DCAC"; UniqueID = "\SFWFJTCT" ("\SFWFJTCT")
Change component parameters (AddParameter): Name = "BOM_Manufacturer"; Value = ""; VariantName = "[No Variations]"
Change component parameters (AddParameter): Name = "BOM_Manufacturer Part"; Value = ""; VariantName = "[No Variations]"
Change component parameters (AddParameter): Name = "BOM_Supplier"; Value = ""; VariantName = "[No Variations]"
Change component parameters (AddParameter): Name = "BOM_Supplier Part"; Value = ""; VariantName = "[No Variations]"
Change component parameters (AddParameter): Name = "Contributor"; Value = "locolyl"; VariantName = "[No Variations]"
Change component parameters (AddParameter): Name = "link"; Value = ""; VariantName = "[No Variations]"
Change component parameters (AddParameter): Name = "spicePre"; Value = "U"; VariantName = "[No Variations]"
Change component parameters (AddParameter): Name = "spiceSymbolName"; Value = "银触点JQX-60F60A大功率继电器大电流12V220V24V稳压器58F-40F63F"; VariantName = "[No Variations]"
Change component parameters: Designator = "JP4" ("JP4"); Footprint = "KF128-3.81-12P"; UniqueID = "\ZVFEIGMY" ("\ZVFEIGMY")
Change component parameters (AddParameter): Name = "BOM名称"; Value = "10P接插件"; VariantName = "[No Variations]"
Change component parameters (AddParameter): Name = "学习资源"; Value = "www.ooocke.com"; VariantName = "[No Variations]"
Change component parameters (AddParameter): Name = "版权归属"; Value = "源创客"; VariantName = "[No Variations]"
Change Net Name : Old Net Name=5V New Net Name=NetC3_2
Change Net Name : Old Net Name=24V New Net Name=NetC1_2
Change Net Name : Old Net Name=24Vrelay New Net Name=24Vrelay3
Added Pin To Net: NetName=5V Pin=C8-2
Added Pin To Net: NetName=5V Pin=IC1-8
Added Pin To Net: NetName=5V Pin=JP3_PWR-10
Added Pin To Net: NetName=5V Pin=R2-2
Added Net: Name=5V
Added Pin To Net: NetName=24Vrelay1 Pin=JP4-6
Added Pin To Net: NetName=24Vrelay1 Pin=Q7-3
Added Net: Name=24Vrelay1
Added Pin To Net: NetName=24Vrelay2 Pin=JP4-8
Added Pin To Net: NetName=24Vrelay2 Pin=Q8-3
Added Net: Name=24Vrelay2
Added Pin To Net: NetName=24V Pin=J5-3
Added Pin To Net: NetName=24V Pin=J6-3
Added Pin To Net: NetName=24V Pin=JP3_PWR-12
Added Pin To Net: NetName=24V Pin=JP4-5
Added Pin To Net: NetName=24V Pin=JP4-7
Added Pin To Net: NetName=24V Pin=JP4-9
Added Net: Name=24V
Added Member To Class: ClassName=Sheet1asc2 Member=Component J9 银触点JQX-60F60A大功率继电器大电流12V220V24V稳压器58F-40F63F
Added Room: Name=Sheet1asc2
