[0413/105140.261:INFO:CONSOLE(1)] "[object Object]", source: https://dfm.jiepei.com/Scripts/Pcb/dfmpcbonlineNew.js?v=202204131049 (1)
[0413/105140.626:INFO:CONSOLE(1)] "[object Object]", source: https://dfm.jiepei.com/Scripts/Pcb/dfmpcbonlineNew.js?v=202204131049 (1)
[0413/105248.906:INFO:CONSOLE(4)] "Synchronous XMLHttpRequest on the main thread is deprecated because of its detrimental effects to the end user's experience. For more help, check https://xhr.spec.whatwg.org/.", source: https://dfm.jiepei.com/Scripts/jquery-1.11.0.min.js (4)
[0413/105519.957:WARNING:resource_bundle.cc(933)] locale resources are not loaded
[0413/105519.957:WARNING:resource_bundle.cc(933)] locale resources are not loaded
[0413/105648.911:INFO:CONSOLE(1)] "1", source: https://dfm.jiepei.com/scripts/payment.js?v=202204131056 (1)
[0413/105650.343:INFO:CONSOLE(1)] "0", source: https://dfm.jiepei.com/scripts/payment.js?v=202204131056 (1)
[0413/105701.222:INFO:CONSOLE(4)] "Synchronous XMLHttpRequest on the main thread is deprecated because of its detrimental effects to the end user's experience. For more help, check https://xhr.spec.whatwg.org/.", source: https://dfm.jiepei.com/Scripts/jquery-1.11.0.min.js (4)
[0413/112356.190:WARNING:resource_bundle.cc(357)] locale_file_path.empty() for locale 
[0413/112356.190:ERROR:main_delegate.cc(839)] Could not load locale pak for en-US
[0413/112356.304:WARNING:resource_bundle.cc(933)] locale resources are not loaded
[0413/112356.304:WARNING:resource_bundle.cc(933)] locale resources are not loaded
[0413/112356.304:WARNING:resource_bundle.cc(933)] locale resources are not loaded
[0413/112356.304:WARNING:resource_bundle.cc(933)] locale resources are not loaded
[0413/112356.304:WARNING:resource_bundle.cc(933)] locale resources are not loaded
[0413/112356.304:WARNING:resource_bundle.cc(933)] locale resources are not loaded
[0413/112356.304:WARNING:resource_bundle.cc(933)] locale resources are not loaded
[0413/112356.304:WARNING:resource_bundle.cc(933)] locale resources are not loaded
[0413/112356.304:WARNING:resource_bundle.cc(933)] locale resources are not loaded
[0413/112356.304:WARNING:resource_bundle.cc(933)] locale resources are not loaded
[0413/112356.304:WARNING:resource_bundle.cc(933)] locale resources are not loaded
[0413/112356.304:WARNING:resource_bundle.cc(933)] locale resources are not loaded
[0413/112356.304:WARNING:resource_bundle.cc(933)] locale resources are not loaded
[0413/112356.304:WARNING:resource_bundle.cc(933)] locale resources are not loaded
[0413/112356.304:WARNING:resource_bundle.cc(933)] locale resources are not loaded
[0413/112356.304:WARNING:resource_bundle.cc(933)] locale resources are not loaded
[0413/112356.304:WARNING:resource_bundle.cc(933)] locale resources are not loaded
[0413/112356.305:WARNING:resource_bundle.cc(933)] locale resources are not loaded
[0413/112356.305:WARNING:resource_bundle.cc(933)] locale resources are not loaded
[0413/112356.305:WARNING:resource_bundle.cc(933)] locale resources are not loaded
[0413/112356.305:WARNING:resource_bundle.cc(933)] locale resources are not loaded
[0413/112356.305:WARNING:resource_bundle.cc(933)] locale resources are not loaded
[0413/112356.305:WARNING:resource_bundle.cc(933)] locale resources are not loaded
[0413/112356.305:WARNING:resource_bundle.cc(933)] locale resources are not loaded
[0413/112356.305:WARNING:resource_bundle.cc(933)] locale resources are not loaded
[0413/112356.305:WARNING:resource_bundle.cc(933)] locale resources are not loaded
[0413/112356.305:WARNING:resource_bundle.cc(933)] locale resources are not loaded
[0413/112356.305:WARNING:resource_bundle.cc(933)] locale resources are not loaded
[0413/112356.305:WARNING:resource_bundle.cc(933)] locale resources are not loaded
[0413/112356.305:WARNING:resource_bundle.cc(933)] locale resources are not loaded
[0413/112356.305:WARNING:resource_bundle.cc(933)] locale resources are not loaded
[0413/112356.305:WARNING:resource_bundle.cc(933)] locale resources are not loaded
[0413/112356.305:WARNING:resource_bundle.cc(933)] locale resources are not loaded
[0413/112356.305:WARNING:resource_bundle.cc(933)] locale resources are not loaded
[0413/112356.305:WARNING:resource_bundle.cc(933)] locale resources are not loaded
[0413/112356.305:WARNING:resource_bundle.cc(933)] locale resources are not loaded
[0413/112356.305:WARNING:resource_bundle.cc(933)] locale resources are not loaded
[0413/112356.305:WARNING:resource_bundle.cc(933)] locale resources are not loaded
[0413/112356.305:WARNING:resource_bundle.cc(933)] locale resources are not loaded
[0413/112356.305:WARNING:resource_bundle.cc(933)] locale resources are not loaded
[0413/112356.306:WARNING:resource_bundle.cc(933)] locale resources are not loaded
[0413/112356.306:WARNING:resource_bundle.cc(933)] locale resources are not loaded
[0413/112356.306:WARNING:resource_bundle.cc(933)] locale resources are not loaded
[0413/112356.306:WARNING:resource_bundle.cc(933)] locale resources are not loaded
[0413/112356.433:WARNING:resource_bundle.cc(357)] locale_file_path.empty() for locale 
[0413/112356.433:ERROR:main_delegate.cc(839)] Could not load locale pak for en-US
[0413/112356.459:ERROR:viz_main_impl.cc(170)] Exiting GPU process due to errors during initialization
[0413/112357.404:WARNING:resource_bundle.cc(357)] locale_file_path.empty() for locale 
[0413/112357.404:ERROR:main_delegate.cc(839)] Could not load locale pak for en-US
[0413/112359.515:WARNING:resource_bundle.cc(357)] locale_file_path.empty() for locale 
[0413/112359.515:ERROR:main_delegate.cc(839)] Could not load locale pak for en-US
[0413/112359.605:WARNING:resource_bundle.cc(933)] locale resources are not loaded
[0413/112359.606:WARNING:resource_bundle.cc(933)] locale resources are not loaded
[0413/112359.609:WARNING:resource_bundle.cc(933)] locale resources are not loaded
[0413/112359.609:WARNING:resource_bundle.cc(933)] locale resources are not loaded
[0413/112359.616:WARNING:resource_bundle.cc(933)] locale resources are not loaded
[0413/112359.616:WARNING:resource_bundle.cc(933)] locale resources are not loaded
[0413/112359.659:WARNING:resource_bundle.cc(357)] locale_file_path.empty() for locale 
[0413/112359.659:ERROR:main_delegate.cc(839)] Could not load locale pak for en-US
[0413/112400.397:WARNING:resource_bundle.cc(933)] locale resources are not loaded
[0413/112400.397:ERROR:content_client.cc(243)] No localized string available for id 20106
[0413/112400.485:WARNING:resource_bundle.cc(933)] locale resources are not loaded
[0413/112400.485:ERROR:content_client.cc(243)] No localized string available for id 20107
[0413/112400.485:WARNING:resource_bundle.cc(933)] locale resources are not loaded
[0413/112400.485:ERROR:content_client.cc(243)] No localized string available for id 20107
[0413/112400.626:WARNING:resource_bundle.cc(933)] locale resources are not loaded
[0413/112400.626:ERROR:content_client.cc(243)] No localized string available for id 20107
[0413/112400.626:WARNING:resource_bundle.cc(933)] locale resources are not loaded
[0413/112400.626:ERROR:content_client.cc(243)] No localized string available for id 20107
[0413/112400.644:WARNING:resource_bundle.cc(933)] locale resources are not loaded
[0413/112400.644:ERROR:content_client.cc(243)] No localized string available for id 20106
[0413/112401.051:WARNING:resource_bundle.cc(933)] locale resources are not loaded
[0413/112401.051:ERROR:content_client.cc(243)] No localized string available for id 20106
[0413/112440.950:WARNING:resource_bundle.cc(933)] locale resources are not loaded
[0413/112440.950:WARNING:resource_bundle.cc(933)] locale resources are not loaded
[0413/112509.067:INFO:CONSOLE(4)] "Synchronous XMLHttpRequest on the main thread is deprecated because of its detrimental effects to the end user's experience. For more help, check https://xhr.spec.whatwg.org/.", source: https://dfm.jiepei.com/Scripts/jquery-1.11.0.min.js (4)
[0413/112521.116:WARNING:resource_bundle.cc(933)] locale resources are not loaded
[0413/112521.116:ERROR:content_client.cc(243)] No localized string available for id 20106
[0413/112521.201:WARNING:resource_bundle.cc(933)] locale resources are not loaded
[0413/112521.201:ERROR:content_client.cc(243)] No localized string available for id 20106
[0413/112526.612:WARNING:resource_bundle.cc(933)] locale resources are not loaded
[0413/112526.612:ERROR:content_client.cc(243)] No localized string available for id 20106
[0413/112526.688:INFO:CONSOLE(1)] "Uncaught TypeError: Cannot read property 'indexOf' of undefined", source: https://dfm.jiepei.com/Scripts/Order/ConfirmNew.js?v=202204131125 (1)
[0413/112648.280:WARNING:resource_bundle.cc(933)] locale resources are not loaded
[0413/112648.280:ERROR:content_client.cc(243)] No localized string available for id 20106
[0413/112717.948:WARNING:resource_bundle.cc(933)] locale resources are not loaded
[0413/112717.949:ERROR:content_client.cc(243)] No localized string available for id 20106
[0413/112718.024:WARNING:resource_bundle.cc(933)] locale resources are not loaded
[0413/112718.024:ERROR:content_client.cc(243)] No localized string available for id 20106
