Removed Pin From Net: NetName=3.3V Pin=J1-2
Removed Pin From Net: NetName=3.3V Pin=J2-2
Removed Pin From Net: NetName=3.3V Pin=J3-2
Removed Pin From Net: NetName=GND Pin=J4-4
Removed Pin From Net: NetName=GND Pin=J5-4
Removed Pin From Net: NetName=GND Pin=J6-4
Removed Pin From Net: NetName=GND Pin=J7-4
Removed Pin From Net: NetName=GND Pin=J8-4
Removed Pin From Net: NetName=GPIO_ot4 Pin=Q4-1
Removed Pin From Net: NetName=24V Pin=Q4-3
Removed Pin From Net: NetName=GPIO_ot5 Pin=Q5-1
Removed Pin From Net: NetName=24V Pin=Q5-3
Removed Pin From Net: NetName=GPIO_ot6 Pin=Q6-1
Removed Pin From Net: NetName=24V Pin=Q6-3
Removed Pin From Net: NetName=GPIO_ot7 Pin=Q7-1
Removed Pin From Net: NetName=24V Pin=Q7-3
Removed Pin From Net: NetName=GPIO_ot8 Pin=Q8-1
Removed Pin From Net: NetName=24V Pin=Q8-3
Removed Pin From Net: NetName=GND Pin=R4-1
Removed Pin From Net: NetName=NetD2_1 Pin=R4-2
Change Component Footprint: Designator=J4 Old Footprint=2982647 New Footprint=SSR_DCAC
Change Component Footprint: Designator=J5 Old Footprint=2982647 New Footprint=SSR_DCAC
Change Component Footprint: Designator=J6 Old Footprint=2982647 New Footprint=SSR_DCAC
Change Component Footprint: Designator=J7 Old Footprint=2982647 New Footprint=SSR_DCAC
Change Component Footprint: Designator=J8 Old Footprint=2982647 New Footprint=SSR_DCAC
Change Component Footprint: Designator=R4 Old Footprint=R 0805_M New Footprint=3296W
Change Component Footprint: Designator=Q4 Old Footprint=SOT23-3M New Footprint=TO92A
Change Component Footprint: Designator=Q5 Old Footprint=SOT23-3M New Footprint=TO92A
Change Component Footprint: Designator=Q6 Old Footprint=SOT23-3M New Footprint=TO92A
Change Component Footprint: Designator=Q7 Old Footprint=SOT23-3M New Footprint=TO92A
Change Component Footprint: Designator=Q8 Old Footprint=SOT23-3M New Footprint=TO92A
Change Component Comment : Designator=R4 Old Comment=10K New Comment=3296W-10K
Change Component Comment : Designator=J1 Old Comment=Relay_in1 New Comment=ssr_dcdc
Change Component Comment : Designator=J2 Old Comment=Relay_in1 New Comment=ssr_dcdc
Change Component Comment : Designator=J3 Old Comment=Relay_in1 New Comment=ssr_dcdc
Change Component Comment : Designator=J4 Old Comment=Relay_out New Comment=ssr_dcac
Change Component Comment : Designator=J5 Old Comment=Relay_out New Comment=ssr_dcac
Change Component Comment : Designator=J6 Old Comment=Relay_out New Comment=ssr_dcac
Change Component Comment : Designator=J7 Old Comment=Relay_out New Comment=ssr_dcac
Change Component Comment : Designator=J8 Old Comment=Relay_out New Comment=ssr_dcac
Change Component Comment : Designator=Q4 Old Comment=SI2304 New Comment=SS8050
Change Component Comment : Designator=Q5 Old Comment=SI2304 New Comment=SS8050
Change Component Comment : Designator=Q6 Old Comment=SI2304 New Comment=SS8050
Change Component Comment : Designator=Q7 Old Comment=SI2304 New Comment=SS8050
Change Component Comment : Designator=Q8 Old Comment=SI2304 New Comment=SS8050
Change component parameters: Designator = "Q4" ("Q4"); Footprint = "SOT23-3M"; UniqueID = "\ITEAZOGH" ("\ITEAZOGH")
Change component parameters (AddParameter): Name = "BOM名称"; Value = "高频放大-NPN型"; VariantName = "[No Variations]"
Change component parameters (AddParameter): Name = "学习资源"; Value = "www.ooocke.com"; VariantName = "[No Variations]"
Change component parameters (AddParameter): Name = "属性"; Value = "40V 1.5A 1W 100MHZ"; VariantName = "[No Variations]"
Change component parameters (AddParameter): Name = "版权归属"; Value = "源创客"; VariantName = "[No Variations]"
Change component parameters: Designator = "Q5" ("Q5"); Footprint = "SOT23-3M"; UniqueID = "\AIMNLIWM" ("\AIMNLIWM")
Change component parameters (AddParameter): Name = "BOM名称"; Value = "高频放大-NPN型"; VariantName = "[No Variations]"
Change component parameters (AddParameter): Name = "学习资源"; Value = "www.ooocke.com"; VariantName = "[No Variations]"
Change component parameters (AddParameter): Name = "属性"; Value = "40V 1.5A 1W 100MHZ"; VariantName = "[No Variations]"
Change component parameters (AddParameter): Name = "版权归属"; Value = "源创客"; VariantName = "[No Variations]"
Change component parameters: Designator = "Q6" ("Q6"); Footprint = "SOT23-3M"; UniqueID = "\JXDPOWHX" ("\JXDPOWHX")
Change component parameters (AddParameter): Name = "BOM名称"; Value = "高频放大-NPN型"; VariantName = "[No Variations]"
Change component parameters (AddParameter): Name = "学习资源"; Value = "www.ooocke.com"; VariantName = "[No Variations]"
Change component parameters (AddParameter): Name = "属性"; Value = "40V 1.5A 1W 100MHZ"; VariantName = "[No Variations]"
Change component parameters (AddParameter): Name = "版权归属"; Value = "源创客"; VariantName = "[No Variations]"
Change component parameters: Designator = "Q7" ("Q7"); Footprint = "SOT23-3M"; UniqueID = "\QCNVNVTA" ("\QCNVNVTA")
Change component parameters (AddParameter): Name = "BOM名称"; Value = "高频放大-NPN型"; VariantName = "[No Variations]"
Change component parameters (AddParameter): Name = "学习资源"; Value = "www.ooocke.com"; VariantName = "[No Variations]"
Change component parameters (AddParameter): Name = "属性"; Value = "40V 1.5A 1W 100MHZ"; VariantName = "[No Variations]"
Change component parameters (AddParameter): Name = "版权归属"; Value = "源创客"; VariantName = "[No Variations]"
Change component parameters: Designator = "Q8" ("Q8"); Footprint = "SOT23-3M"; UniqueID = "\WHUJHFLC" ("\WHUJHFLC")
Change component parameters (AddParameter): Name = "BOM名称"; Value = "高频放大-NPN型"; VariantName = "[No Variations]"
Change component parameters (AddParameter): Name = "学习资源"; Value = "www.ooocke.com"; VariantName = "[No Variations]"
Change component parameters (AddParameter): Name = "属性"; Value = "40V 1.5A 1W 100MHZ"; VariantName = "[No Variations]"
Change component parameters (AddParameter): Name = "版权归属"; Value = "源创客"; VariantName = "[No Variations]"
Change component parameters: Designator = "R4" ("R4"); Footprint = "R 0805_M"; UniqueID = "\QZLJCBRM" ("\QZLJCBRM")
Change component parameters (AddParameter): Name = "Arrow Part Number"; Value = "3296W-1-100LF"; VariantName = "[No Variations]"
Change component parameters (AddParameter): Name = "Arrow Price/Stock"; Value = "https://www.arrow.com/en/products/3296w-1-100lf/bourns"; VariantName = "[No Variations]"
Change component parameters (AddParameter): Name = "Datasheet Link"; Value = "http://uk.rs-online.com/web/p/products/5219619"; VariantName = "[No Variations]"
Change component parameters (AddParameter): Name = "Manufacturer_Name"; Value = "Bourns"; VariantName = "[No Variations]"
Change component parameters (AddParameter): Name = "Manufacturer_Part_Number"; Value = "3296W-1-100LF"; VariantName = "[No Variations]"
Change component parameters (AddParameter): Name = "Mouser Part Number"; Value = "652-3296W-1-100LF"; VariantName = "[No Variations]"
Change component parameters (AddParameter): Name = "Mouser Price/Stock"; Value = "https://www.mouser.co.uk/ProductDetail/Bourns/3296W-1-100LF?qs=QXsCy0sQn1AEVjRqsT9BNA%3D%3D"; VariantName = "[No Variations]"
Added Component: Designator=R14(R 0805_M)
Add component (AddParameter): Name = "LatestRevisionDate"; Value = "17-Jul-2002"; VariantName = "[No Variations]"
Add component (AddParameter): Name = "LatestRevisionNote"; Value = "Re-released for DXP Platform."; VariantName = "[No Variations]"
Add component (AddParameter): Name = "PackageDescription"; Value = "Axial Device, Thru-Hole; 2 Leads; 0.3 in Pin Spacing"; VariantName = "[No Variations]"
Add component (AddParameter): Name = "PackageReference"; Value = "AXIAL-0.3"; VariantName = "[No Variations]"
Add component (AddParameter): Name = "Published"; Value = "8-Jun-2000"; VariantName = "[No Variations]"
Add component (AddParameter): Name = "Publisher"; Value = "Altium Limited"; VariantName = "[No Variations]"
Added Component: Designator=R15(R 0805_M)
Add component (AddParameter): Name = "LatestRevisionDate"; Value = "17-Jul-2002"; VariantName = "[No Variations]"
Add component (AddParameter): Name = "LatestRevisionNote"; Value = "Re-released for DXP Platform."; VariantName = "[No Variations]"
Add component (AddParameter): Name = "PackageDescription"; Value = "Axial Device, Thru-Hole; 2 Leads; 0.3 in Pin Spacing"; VariantName = "[No Variations]"
Add component (AddParameter): Name = "PackageReference"; Value = "AXIAL-0.3"; VariantName = "[No Variations]"
Add component (AddParameter): Name = "Published"; Value = "8-Jun-2000"; VariantName = "[No Variations]"
Add component (AddParameter): Name = "Publisher"; Value = "Altium Limited"; VariantName = "[No Variations]"
Added Component: Designator=R16(R 0805_M)
Add component (AddParameter): Name = "LatestRevisionDate"; Value = "17-Jul-2002"; VariantName = "[No Variations]"
Add component (AddParameter): Name = "LatestRevisionNote"; Value = "Re-released for DXP Platform."; VariantName = "[No Variations]"
Add component (AddParameter): Name = "PackageDescription"; Value = "Axial Device, Thru-Hole; 2 Leads; 0.3 in Pin Spacing"; VariantName = "[No Variations]"
Add component (AddParameter): Name = "PackageReference"; Value = "AXIAL-0.3"; VariantName = "[No Variations]"
Add component (AddParameter): Name = "Published"; Value = "8-Jun-2000"; VariantName = "[No Variations]"
Add component (AddParameter): Name = "Publisher"; Value = "Altium Limited"; VariantName = "[No Variations]"
Added Component: Designator=R17(R 0805_M)
Add component (AddParameter): Name = "LatestRevisionDate"; Value = "17-Jul-2002"; VariantName = "[No Variations]"
Add component (AddParameter): Name = "LatestRevisionNote"; Value = "Re-released for DXP Platform."; VariantName = "[No Variations]"
Add component (AddParameter): Name = "PackageDescription"; Value = "Axial Device, Thru-Hole; 2 Leads; 0.3 in Pin Spacing"; VariantName = "[No Variations]"
Add component (AddParameter): Name = "PackageReference"; Value = "AXIAL-0.3"; VariantName = "[No Variations]"
Add component (AddParameter): Name = "Published"; Value = "8-Jun-2000"; VariantName = "[No Variations]"
Add component (AddParameter): Name = "Publisher"; Value = "Altium Limited"; VariantName = "[No Variations]"
Added Component: Designator=R18(R 0805_M)
Add component (AddParameter): Name = "LatestRevisionDate"; Value = "17-Jul-2002"; VariantName = "[No Variations]"
Add component (AddParameter): Name = "LatestRevisionNote"; Value = "Re-released for DXP Platform."; VariantName = "[No Variations]"
Add component (AddParameter): Name = "PackageDescription"; Value = "Axial Device, Thru-Hole; 2 Leads; 0.3 in Pin Spacing"; VariantName = "[No Variations]"
Add component (AddParameter): Name = "PackageReference"; Value = "AXIAL-0.3"; VariantName = "[No Variations]"
Add component (AddParameter): Name = "Published"; Value = "8-Jun-2000"; VariantName = "[No Variations]"
Add component (AddParameter): Name = "Publisher"; Value = "Altium Limited"; VariantName = "[No Variations]"
Added Pin To Net: NetName=3.3V Pin=J1-1
Added Pin To Net: NetName=3.3V Pin=J2-1
Added Pin To Net: NetName=3.3V Pin=J3-1
Added Pin To Net: NetName=24V Pin=J4-3
Added Pin To Net: NetName=24V Pin=J5-3
Added Pin To Net: NetName=24V Pin=J6-3
Added Pin To Net: NetName=24V Pin=J7-3
Added Pin To Net: NetName=24V Pin=J8-3
Added Pin To Net: NetName=GND Pin=Q4-1
Added Pin To Net: NetName=GPIO_ot4 Pin=Q4-2
Added Pin To Net: NetName=GND Pin=Q5-1
Added Pin To Net: NetName=GPIO_ot5 Pin=Q5-2
Added Pin To Net: NetName=GND Pin=Q6-1
Added Pin To Net: NetName=GPIO_ot6 Pin=Q6-2
Added Pin To Net: NetName=GND Pin=Q7-1
Added Pin To Net: NetName=GPIO_ot7 Pin=Q7-2
Added Pin To Net: NetName=GND Pin=Q8-1
Added Pin To Net: NetName=GPIO_ot8 Pin=Q8-2
Added Pin To Net: NetName=NetD2_1 Pin=R4-1
Added Pin To Net: NetName=GND Pin=R4-2
Added Pin To Net: NetName=GPIO_ot4 Pin=R14-1
Added Pin To Net: NetName=GND Pin=R14-2
Added Pin To Net: NetName=GPIO_ot5 Pin=R15-1
Added Pin To Net: NetName=GND Pin=R15-2
Added Pin To Net: NetName=GPIO_ot6 Pin=R16-1
Added Pin To Net: NetName=GND Pin=R16-2
Added Pin To Net: NetName=GPIO_ot7 Pin=R17-1
Added Pin To Net: NetName=GND Pin=R17-2
Added Pin To Net: NetName=GPIO_ot8 Pin=R18-1
Added Pin To Net: NetName=GND Pin=R18-2
Added Pin To Net: NetName=NetJ1_2 Pin=J1-2
Added Pin To Net: NetName=NetJ1_2 Pin=Q1-1
Added Net: Name=NetJ1_2
Added Pin To Net: NetName=NetJ2_2 Pin=J2-2
Added Pin To Net: NetName=NetJ2_2 Pin=Q2-1
Added Net: Name=NetJ2_2
Added Pin To Net: NetName=NetJ3_2 Pin=J3-2
Added Pin To Net: NetName=NetJ3_2 Pin=Q3-1
Added Net: Name=NetJ3_2
Added Pin To Net: NetName=NetJ4_4 Pin=J4-4
Added Pin To Net: NetName=NetJ4_4 Pin=Q4-3
Added Net: Name=NetJ4_4
Added Pin To Net: NetName=NetJ5_4 Pin=J5-4
Added Pin To Net: NetName=NetJ5_4 Pin=Q5-3
Added Net: Name=NetJ5_4
Added Pin To Net: NetName=NetJ6_4 Pin=J6-4
Added Pin To Net: NetName=NetJ6_4 Pin=Q6-3
Added Net: Name=NetJ6_4
Added Pin To Net: NetName=NetJ7_4 Pin=J7-4
Added Pin To Net: NetName=NetJ7_4 Pin=Q7-3
Added Net: Name=NetJ7_4
Added Pin To Net: NetName=NetJ8_4 Pin=J8-4
Added Pin To Net: NetName=NetJ8_4 Pin=Q8-3
Added Net: Name=NetJ8_4
Added Member To Class: ClassName=Sheet1 Member=Component R14 10K
Added Member To Class: ClassName=Sheet1 Member=Component R15 10K
Added Member To Class: ClassName=Sheet1 Member=Component R16 2K
Added Member To Class: ClassName=Sheet1 Member=Component R17 2K
Added Member To Class: ClassName=Sheet1 Member=Component R18 2K
Added Room: Name=Sheet1
