Remove Pin=J1-3 From Net=24V_in1
Remove Pin=J2-3 From Net=24V_in2
Remove Pin=J3-3 From Net=24V_in3
Remove Pin=JP3_PWR-1 From Net=24V_in1
Remove Pin=JP3_PWR-2 From Net=24V_in2
Remove Pin=JP3_PWR-3 From Net=24V_in3
Remove Pin=JP3_PWR-5 From Net=pwm_speed_5V
Remove Pin=JP3_PWR-6 From Net=pwm_speed
Remove Pin=JP4_ACout-1 From Net=AC_out1
Remove Pin=JP4_ACout-2 From Net=AC_out1x
Remove Pin=JP4_ACout-3 From Net=AC_out2
Remove Pin=JP4_ACout-4 From Net=AC_out2x
Remove Pin=JP4_ACout-5 From Net=AC_out3
Remove Pin=JP4_ACout-6 From Net=AC_out3x
Remove Pin=JP4_ACout-7 From Net=AC_out4
Remove Pin=JP4_ACout-8 From Net=AC_out4x
Remove Pin=JP4_ACout-9 From Net=AC_out5
Remove Pin=JP4_ACout-10 From Net=AC_out5x
Remove Pin=Q1-2 From Net=GPIO_in1
Remove Pin=Q2-2 From Net=GPIO_in2
Remove Pin=Q3-2 From Net=GPIO_in3
Remove Pin=Q4-1 From Net=GPIO_ot4
Remove Pin=Q5-1 From Net=GPIO_ot5
Remove Pin=Q6-1 From Net=GPIO_ot6
Remove Pin=Q7-1 From Net=GPIO_ot7
Remove Pin=Q8-1 From Net=GPIO_ot8
Remove Pin=R1-1 From Net=pwm_speed
